2025-01-31 16:27:24,928 - INFO - Email sent to princelovnish@gmail.com
2025-01-31 16:27:26,261 - INFO - Email sent to technicalboyprince@gmail.com
2025-01-31 16:27:27,502 - INFO - Email sent to princelv84@gmail.com
2025-01-31 16:27:27,503 - INFO - Total emails: 3
Sent: 3
Failed: 0
2025-01-31 16:28:48,264 - INFO - Email sent to tejaljotkaur1015@gmail.com
2025-01-31 16:28:49,507 - INFO - Email sent to karthikeyanaws1992@gmail.com
2025-01-31 16:28:50,769 - INFO - Email sent to shwetaraturi05@gmail.com
2025-01-31 16:28:52,109 - INFO - Email sent to nikhilkumar84275@gmail.com
2025-01-31 16:28:53,435 - INFO - Email sent to shalini3061@gmail.com
2025-01-31 16:28:54,726 - INFO - Email sent to ksharma081001@gmail.com
2025-01-31 16:28:54,727 - ERROR - Invalid email address for Rohan. Email: Rohanjatasra@gmail
2025-01-31 16:28:56,152 - INFO - Email sent to sanjay8145@gmail.com
2025-01-31 16:28:57,417 - INFO - Email sent to sejalkhanchi2003@gmail.com
2025-01-31 16:28:58,830 - INFO - Email sent to sbhushan@decorosoft.com
2025-01-31 16:29:00,215 - INFO - Email sent to tanaybhattacharjee7@gmail.com
2025-01-31 16:29:01,762 - INFO - Email sent to vivek.gcet@gmail.com
2025-01-31 16:29:03,198 - INFO - Email sent to vikramjeet.thakur@gmail.com
2025-01-31 16:29:04,775 - INFO - Email sent to singhadityapreet@gmail.com
2025-01-31 16:29:06,846 - INFO - Email sent to ashishbaweja0@gmail.com
2025-01-31 16:29:08,298 - INFO - Email sent to eshanvishisht@gmail.com
2025-01-31 16:29:09,806 - INFO - Email sent to dikshitnarayan2634@gmail.com
2025-01-31 16:29:11,253 - INFO - Email sent to pathaniasuraj2002@gmail.com
2025-01-31 16:29:12,529 - INFO - Email sent to shubham8work@gmail.com
2025-01-31 16:29:13,942 - INFO - Email sent to anayanraj37@gmail.com
2025-01-31 16:29:15,472 - INFO - Email sent to tarunpreet2125singh@gmail.com
2025-01-31 16:29:18,077 - INFO - Email sent to rahulgaur62@hotmail.com
2025-01-31 16:29:19,381 - INFO - Email sent to saini.jas89@gmail.com
2025-01-31 16:29:20,755 - INFO - Email sent to ravinderji426@gmail.com
2025-01-31 16:29:20,756 - INFO - Total emails: 24
Sent: 23
Failed: 1
2025-01-31 16:30:33,041 - INFO - Email sent to Rohanjatasra@gmail.com
2025-01-31 16:30:33,042 - INFO - Total emails: 1
Sent: 1
Failed: 0
